# JRE version: Java(TM) SE Runtime Environment (17.0.2+8) (build 17.0.2+8-LTS-86)
# Java VM: Java HotSpot(TM) 64-Bit Server VM (17.0.2+8-LTS-86, mixed mode, sharing, tiered, compressed oops, compressed class ptrs, g1 gc, windows-amd64)
GC Precious Log:
 CPUs: 8 total, 8 available
 Memory: 7973M
 Large Page Support: Disabled
 NUMA Support: Disabled
 Compressed Oops: Enabled (32-bit)
 Heap Region Size: 1M
 Heap Min Capacity: 8M
 Heap Initial Capacity: 126M
 Heap Max Capacity: 2G
 Pre-touch: Disabled
 Parallel Workers: 8
 Concurrent Workers: 2
 Concurrent Refinement Workers: 8
 Periodic GC: Disabled
Heap:
 garbage-first heap   total 92160K, used 58539K [0x0000000080000000, 0x0000000100000000)
  region size 1024K, 6 young (6144K), 1 survivors (1024K)
 Metaspace       used 59824K, committed 60416K, reserved 479232K
  class space    used 8381K, committed 8640K, reserved 421888K
GC Heap History (20 events):
Event: 38.544 GC heap before
{Heap before GC invocations=16 (full 0):
 garbage-first heap   total 78848K, used 63945K [0x0000000080000000, 0x0000000100000000)
  region size 1024K, 21 young (21504K), 2 survivors (2048K)
 Metaspace       used 48906K, committed 49536K, reserved 471040K
  class space    used 6902K, committed 7168K, reserved 421888K
}
Event: 38.549 GC heap after
{Heap after GC invocations=17 (full 0):
 garbage-first heap   total 78848K, used 45449K [0x0000000080000000, 0x0000000100000000)
  region size 1024K, 3 young (3072K), 3 survivors (3072K)
 Metaspace       used 48906K, committed 49536K, reserved 471040K
  class space    used 6902K, committed 7168K, reserved 421888K
}
Event: 39.448 GC heap before
{Heap before GC invocations=17 (full 0):
 garbage-first heap   total 78848K, used 63881K [0x0000000080000000, 0x0000000100000000)
  region size 1024K, 21 young (21504K), 3 survivors (3072K)
 Metaspace       used 51527K, committed 52096K, reserved 471040K
  class space    used 7246K, committed 7488K, reserved 421888K
}
Event: 39.454 GC heap after
{Heap after GC invocations=18 (full 0):
 garbage-first heap   total 78848K, used 45929K [0x0000000080000000, 0x0000000100000000)
  region size 1024K, 2 young (2048K), 2 survivors (2048K)
 Metaspace       used 51527K, committed 52096K, reserved 471040K
  class space    used 7246K, committed 7488K, reserved 421888K
}
Event: 41.117 GC heap before
{Heap before GC invocations=19 (full 0):
 garbage-first heap   total 81920K, used 64361K [0x0000000080000000, 0x0000000100000000)
  region size 1024K, 21 young (21504K), 2 survivors (2048K)
 Metaspace       used 52744K, committed 53376K, reserved 471040K
  class space    used 7376K, committed 7680K, reserved 421888K
}
Event: 41.122 GC heap after
{Heap after GC invocations=20 (full 0):
 garbage-first heap   total 81920K, used 47852K [0x0000000080000000, 0x0000000100000000)
  region size 1024K, 3 young (3072K), 3 survivors (3072K)
 Metaspace       used 52744K, committed 53376K, reserved 471040K
  class space    used 7376K, committed 7680K, reserved 421888K
}
Event: 41.165 GC heap before
{Heap before GC invocations=20 (full 0):
 garbage-first heap   total 81920K, used 48876K [0x0000000080000000, 0x0000000100000000)
  region size 1024K, 4 young (4096K), 3 survivors (3072K)
 Metaspace       used 52856K, committed 53440K, reserved 471040K
  class space    used 7391K, committed 7680K, reserved 421888K
}
Event: 41.169 GC heap after
{Heap after GC invocations=21 (full 0):
 garbage-first heap   total 81920K, used 46925K [0x0000000080000000, 0x0000000100000000)
  region size 1024K, 1 young (1024K), 1 survivors (1024K)
 Metaspace       used 52856K, committed 53440K, reserved 471040K
  class space    used 7391K, committed 7680K, reserved 421888K
}
Event: 42.398 GC heap before
{Heap before GC invocations=21 (full 0):
 garbage-first heap   total 81920K, used 67405K [0x0000000080000000, 0x0000000100000000)
  region size 1024K, 21 young (21504K), 1 survivors (1024K)
 Metaspace       used 54357K, committed 54976K, reserved 471040K
  class space    used 7621K, committed 7872K, reserved 421888K
}
Event: 42.401 GC heap after
{Heap after GC invocations=22 (full 0):
 garbage-first heap   total 81920K, used 48313K [0x0000000080000000, 0x0000000100000000)
  region size 1024K, 2 young (2048K), 2 survivors (2048K)
 Metaspace       used 54357K, committed 54976K, reserved 471040K
  class space    used 7621K, committed 7872K, reserved 421888K
}
Event: 43.093 GC heap before
{Heap before GC invocations=23 (full 0):
 garbage-first heap   total 87040K, used 66745K [0x0000000080000000, 0x0000000100000000)
  region size 1024K, 20 young (20480K), 2 survivors (2048K)
 Metaspace       used 55661K, committed 56256K, reserved 471040K
  class space    used 7826K, committed 8128K, reserved 421888K
}
Event: 43.097 GC heap after
{Heap after GC invocations=24 (full 0):
 garbage-first heap   total 87040K, used 49980K [0x0000000080000000, 0x0000000100000000)
  region size 1024K, 2 young (2048K), 2 survivors (2048K)
 Metaspace       used 55661K, committed 56256K, reserved 471040K
  class space    used 7826K, committed 8128K, reserved 421888K
}
Event: 43.239 GC heap before
{Heap before GC invocations=24 (full 0):
 garbage-first heap   total 87040K, used 52028K [0x0000000080000000, 0x0000000100000000)
  region size 1024K, 4 young (4096K), 2 survivors (2048K)
 Metaspace       used 55713K, committed 56320K, reserved 471040K
  class space    used 7826K, committed 8128K, reserved 421888K
}
Event: 43.242 GC heap after
{Heap after GC invocations=25 (full 0):
 garbage-first heap   total 87040K, used 50374K [0x0000000080000000, 0x0000000100000000)
  region size 1024K, 1 young (1024K), 1 survivors (1024K)
 Metaspace       used 55713K, committed 56320K, reserved 471040K
  class space    used 7826K, committed 8128K, reserved 421888K
}
Event: 44.470 GC heap before
{Heap before GC invocations=25 (full 0):
 garbage-first heap   total 87040K, used 69830K [0x0000000080000000, 0x0000000100000000)
  region size 1024K, 21 young (21504K), 1 survivors (1024K)
 Metaspace       used 57435K, committed 57984K, reserved 479232K
  class space    used 8101K, committed 8384K, reserved 421888K
}
Event: 44.481 GC heap after
{Heap after GC invocations=26 (full 0):
 garbage-first heap   total 87040K, used 52505K [0x0000000080000000, 0x0000000100000000)
  region size 1024K, 3 young (3072K), 3 survivors (3072K)
 Metaspace       used 57435K, committed 57984K, reserved 479232K
  class space    used 8101K, committed 8384K, reserved 421888K
}
Event: 45.520 GC heap before
{Heap before GC invocations=27 (full 0):
 garbage-first heap   total 92160K, used 69913K [0x0000000080000000, 0x0000000100000000)
  region size 1024K, 21 young (21504K), 3 survivors (3072K)
 Metaspace       used 59371K, committed 59968K, reserved 479232K
  class space    used 8312K, committed 8576K, reserved 421888K
}
Event: 45.527 GC heap after
{Heap after GC invocations=28 (full 0):
 garbage-first heap   total 92160K, used 54503K [0x0000000080000000, 0x0000000100000000)
  region size 1024K, 3 young (3072K), 3 survivors (3072K)
 Metaspace       used 59371K, committed 59968K, reserved 479232K
  class space    used 8312K, committed 8576K, reserved 421888K
}
Event: 45.559 GC heap before
{Heap before GC invocations=28 (full 0):
 garbage-first heap   total 92160K, used 55527K [0x0000000080000000, 0x0000000100000000)
  region size 1024K, 4 young (4096K), 3 survivors (3072K)
 Metaspace       used 59412K, committed 60032K, reserved 479232K
  class space    used 8315K, committed 8576K, reserved 421888K
}
Event: 45.563 GC heap after
{Heap after GC invocations=29 (full 0):
 garbage-first heap   total 92160K, used 54443K [0x0000000080000000, 0x0000000100000000)
  region size 1024K, 1 young (1024K), 1 survivors (1024K)
 Metaspace       used 59412K, committed 60032K, reserved 479232K
  class space    used 8315K, committed 8576K, reserved 421888K
}

